-------------------------------------------------------------------------------
Test set: com.qa.ims.persistence.domain.OrderTest
-------------------------------------------------------------------------------
Tests run: 1, Failures: 1, Errors: 0, Skipped: 0, Time elapsed: 0.028 sec <<< FAILURE!
testEquals(com.qa.ims.persistence.domain.OrderTest)  Time elapsed: 0.022 sec  <<< FAILURE!
java.lang.AssertionError: EqualsVerifier found a problem in class com.qa.ims.persistence.domain.Order.
-> Non-nullity: equals throws NullPointerException on field items.

For more information, go to: http://www.jqno.nl/equalsverifier/errormessages
	at nl.jqno.equalsverifier.api.SingleTypeEqualsVerifierApi.verify(SingleTypeEqualsVerifierApi.java:269)
	at com.qa.ims.persistence.domain.OrderTest.testEquals(OrderTest.java:10)
	at sun.reflect.NativeMethodAccessorImpl.invoke0(Native Method)
	at sun.reflect.NativeMethodAccessorImpl.invoke(NativeMethodAccessorImpl.java:62)
	at sun.reflect.DelegatingMethodAccessorImpl.invoke(DelegatingMethodAccessorImpl.java:43)
	at java.lang.reflect.Method.invoke(Method.java:498)
	at org.junit.runners.model.FrameworkMethod$1.runReflectiveCall(FrameworkMethod.java:59)
	at org.junit.internal.runners.model.ReflectiveCallable.run(ReflectiveCallable.java:12)
	at org.junit.runners.model.FrameworkMethod.invokeExplosively(FrameworkMethod.java:56)
	at org.junit.internal.runners.statements.InvokeMethod.evaluate(InvokeMethod.java:17)
	at org.junit.runners.ParentRunner$3.evaluate(ParentRunner.java:306)
	at org.junit.runners.BlockJUnit4ClassRunner$1.evaluate(BlockJUnit4ClassRunner.java:100)
	at org.junit.runners.ParentRunner.runLeaf(ParentRunner.java:366)
	at org.junit.runners.BlockJUnit4ClassRunner.runChild(BlockJUnit4ClassRunner.java:103)
	at org.junit.runners.BlockJUnit4ClassRunner.runChild(BlockJUnit4ClassRunner.java:63)
	at org.junit.runners.ParentRunner$4.run(ParentRunner.java:331)
	at org.junit.runners.ParentRunner$1.schedule(ParentRunner.java:79)
	at org.junit.runners.ParentRunner.runChildren(ParentRunner.java:329)
	at org.junit.runners.ParentRunner.access$100(ParentRunner.java:66)
	at org.junit.runners.ParentRunner$2.evaluate(ParentRunner.java:293)
	at org.junit.runners.ParentRunner$3.evaluate(ParentRunner.java:306)
	at org.junit.runners.ParentRunner.run(ParentRunner.java:413)
	at org.apache.maven.surefire.junit4.JUnit4Provider.execute(JUnit4Provider.java:252)
	at org.apache.maven.surefire.junit4.JUnit4Provider.executeTestSet(JUnit4Provider.java:141)
	at org.apache.maven.surefire.junit4.JUnit4Provider.invoke(JUnit4Provider.java:112)
	at sun.reflect.NativeMethodAccessorImpl.invoke0(Native Method)
	at sun.reflect.NativeMethodAccessorImpl.invoke(NativeMethodAccessorImpl.java:62)
	at sun.reflect.DelegatingMethodAccessorImpl.invoke(DelegatingMethodAccessorImpl.java:43)
	at java.lang.reflect.Method.invoke(Method.java:498)
	at org.apache.maven.surefire.util.ReflectionUtils.invokeMethodWithArray(ReflectionUtils.java:189)
	at org.apache.maven.surefire.booter.ProviderFactory$ProviderProxy.invoke(ProviderFactory.java:165)
	at org.apache.maven.surefire.booter.ProviderFactory.invokeProvider(ProviderFactory.java:85)
	at org.apache.maven.surefire.booter.ForkedBooter.runSuitesInProcess(ForkedBooter.java:115)
	at org.apache.maven.surefire.booter.ForkedBooter.main(ForkedBooter.java:75)
Caused by: nl.jqno.equalsverifier.internal.exceptions.AssertionException
	at nl.jqno.equalsverifier.internal.util.Assert.fail(Assert.java:75)
	at nl.jqno.equalsverifier.internal.checkers.fieldchecks.NullPointerExceptionFieldCheck.npeThrown(NullPointerExceptionFieldCheck.java:75)
	at nl.jqno.equalsverifier.internal.checkers.fieldchecks.NullPointerExceptionFieldCheck.handle(NullPointerExceptionFieldCheck.java:60)
	at nl.jqno.equalsverifier.internal.checkers.fieldchecks.NullPointerExceptionFieldCheck.performTests(NullPointerExceptionFieldCheck.java:48)
	at nl.jqno.equalsverifier.internal.checkers.fieldchecks.NullPointerExceptionFieldCheck.execute(NullPointerExceptionFieldCheck.java:42)
	at nl.jqno.equalsverifier.internal.checkers.FieldInspector.check(FieldInspector.java:26)
	at nl.jqno.equalsverifier.internal.checkers.NullChecker.check(NullChecker.java:23)
	at nl.jqno.equalsverifier.api.SingleTypeEqualsVerifierApi.verifyWithoutExamples(SingleTypeEqualsVerifierApi.java:352)
	at nl.jqno.equalsverifier.api.SingleTypeEqualsVerifierApi.performVerification(SingleTypeEqualsVerifierApi.java:320)
	at nl.jqno.equalsverifier.api.SingleTypeEqualsVerifierApi.verify(SingleTypeEqualsVerifierApi.java:267)
	... 33 more
Caused by: java.lang.NullPointerException
	at com.qa.ims.persistence.domain.Order.compareItems(Order.java:60)
	at com.qa.ims.persistence.domain.Order.equals(Order.java:107)
	at nl.jqno.equalsverifier.internal.checkers.fieldchecks.NullPointerExceptionFieldCheck.lambda$performTests$0(NullPointerExceptionFieldCheck.java:48)
	at nl.jqno.equalsverifier.internal.checkers.fieldchecks.NullPointerExceptionFieldCheck.handle(NullPointerExceptionFieldCheck.java:58)
	... 40 more

